2020-08-19 12:06:21,664 - pcp.mux_channel - INFO - initialising mux channel - phantom 
2020-08-19 12:06:42,342 - pcp.scripts.init_pcp - INFO - running initialisation script
2020-08-19 12:06:42,414 - pcp.scripts.init_pcp - INFO - successfully loaded configuration files
2020-08-19 12:06:42,414 - root - WARNING - It appears that the multiprocessing logger is already running. Use force=True
2020-08-19 12:07:48,727 - root - INFO - updated logging configuration
2020-08-19 12:07:48,729 - root - INFO - started multiprocessing logging server
2020-08-19 12:14:22,001 - root - INFO - updated logging configuration
2020-08-19 12:14:22,002 - root - INFO - started multiprocessing logging server
2020-08-19 12:14:34,399 - pcp.mux_channel - INFO - initialising mux channel - phantom 
2020-08-19 12:14:34,412 - pcp.lib.lib_fpga - ERROR - Error connecting to '192.168.40.96'. Is it switched on? Check network settings!
Traceback (most recent call last):
  File "pcp/lib/lib_fpga.py", line 96, in get_fpga_instance
    return _casperfpga.katcp_fpga.KatcpFpga( ipaddress, timeout = 10. )
AttributeError: 'module' object has no attribute 'katcp_fpga'
2020-08-19 12:14:34,412 - pcp.lib.lib_fpga - WARNING -  No fpga instance present. If running a dummy, this is expected. Otherwise, something has gone wrong. 
2020-08-19 12:14:34,422 - pcp.datalog_mp - INFO - current process daemon False
2020-08-19 12:14:34,424 - pcp.toneslist - WARNING - LO frequency must be set when loading RF frequencies.
2020-08-19 12:14:34,424 - pcp.toneslist - INFO - bb_freqs = None
2020-08-19 12:14:34,426 - pcp.datalog_mp - WARNING - no dirfile set
2020-08-19 15:07:49,066 - pcp.mux_channel - INFO - initialising mux channel - phantom 
2020-08-19 15:07:49,066 - pcp.lib.lib_fpga - ERROR - Error connecting to '192.168.40.96'. Is it switched on? Check network settings!
Traceback (most recent call last):
  File "pcp/lib/lib_fpga.py", line 96, in get_fpga_instance
    return _casperfpga.katcp_fpga.KatcpFpga( ipaddress, timeout = 10. )
AttributeError: 'module' object has no attribute 'katcp_fpga'
2020-08-19 15:07:49,067 - pcp.lib.lib_fpga - WARNING -  No fpga instance present. If running a dummy, this is expected. Otherwise, something has gone wrong. 
2020-08-19 15:07:49,075 - pcp.datalog_mp - INFO - current process daemon False
2020-08-19 15:07:49,076 - pcp.toneslist - WARNING - LO frequency must be set when loading RF frequencies.
2020-08-19 15:07:49,077 - pcp.toneslist - INFO - bb_freqs = None
2020-08-19 15:07:49,078 - pcp.datalog_mp - WARNING - no dirfile set
2020-08-19 15:07:49,128 - pcp.toneslist - WARNING -  some bb_freqs don't appear to fit into the bandwidth. The following have been clipped from bb_freqs:
[-2.62739104e+08  2.49307101e+08  2.50820252e+08  2.52229393e+08
  2.53662537e+08  2.56788849e+08  2.60008171e+08  2.69032074e+08
  2.75933764e+08  2.78528023e+08  2.81268297e+08  2.86161787e+08
  2.97824953e+08  3.18156986e+08  3.27009871e+08  3.60784249e+08
  3.78087979e+08  2.80612232e+08]
2020-08-19 15:07:49,129 - pcp.toneslist - INFO - Successfully loaded toneslist file /home/muscat/multitone2020-08-13/roach2pcp/data/tonelists/MUSCAT_A.txt
2020-08-19 15:07:49,143 - pcp.sweep - WARNING - No sweep dirfile loaded. Use load_sweep_dirfile(dirfile) to load data
2020-08-19 15:07:49,243 - pcp.mux_channel - INFO - initialising mux channel - clones 
2020-08-19 15:07:49,244 - pcp.lib.lib_fpga - ERROR - Error connecting to '192.168.40.97'. Is it switched on? Check network settings!
Traceback (most recent call last):
  File "pcp/lib/lib_fpga.py", line 96, in get_fpga_instance
    return _casperfpga.katcp_fpga.KatcpFpga( ipaddress, timeout = 10. )
AttributeError: 'module' object has no attribute 'katcp_fpga'
2020-08-19 15:07:49,244 - pcp.lib.lib_fpga - WARNING -  No fpga instance present. If running a dummy, this is expected. Otherwise, something has gone wrong. 
2020-08-19 15:07:49,254 - pcp.datalog_mp - INFO - current process daemon False
2020-08-19 15:07:49,254 - pcp.toneslist - WARNING - LO frequency must be set when loading RF frequencies.
2020-08-19 15:07:49,254 - pcp.toneslist - INFO - bb_freqs = None
2020-08-19 15:07:49,257 - pcp.datalog_mp - WARNING - no dirfile set
2020-08-19 15:07:49,294 - pcp.toneslist - WARNING -  some bb_freqs don't appear to fit into the bandwidth. The following have been clipped from bb_freqs:
[-2.62739104e+08  2.49307101e+08  2.50820252e+08  2.52229393e+08
  2.53662537e+08  2.56788849e+08  2.60008171e+08  2.69032074e+08
  2.75933764e+08  2.78528023e+08  2.81268297e+08  2.86161787e+08
  2.97824953e+08  3.18156986e+08  3.27009871e+08  3.60784249e+08
  3.78087979e+08  2.80612232e+08]
2020-08-19 15:07:49,294 - pcp.toneslist - INFO - Successfully loaded toneslist file /home/muscat/multitone2020-08-13/roach2pcp/data/tonelists/MUSCAT_A.txt
2020-08-19 15:07:49,308 - pcp.sweep - WARNING - No sweep dirfile loaded. Use load_sweep_dirfile(dirfile) to load data
2020-08-19 15:07:49,365 - pcp.mux_channel - INFO - initialising mux channel - sith 
2020-08-19 15:07:49,366 - pcp.lib.lib_fpga - ERROR - Error connecting to '192.168.40.98'. Is it switched on? Check network settings!
Traceback (most recent call last):
  File "pcp/lib/lib_fpga.py", line 96, in get_fpga_instance
    return _casperfpga.katcp_fpga.KatcpFpga( ipaddress, timeout = 10. )
AttributeError: 'module' object has no attribute 'katcp_fpga'
2020-08-19 15:07:49,366 - pcp.lib.lib_fpga - WARNING -  No fpga instance present. If running a dummy, this is expected. Otherwise, something has gone wrong. 
2020-08-19 15:07:49,376 - pcp.datalog_mp - INFO - current process daemon False
2020-08-19 15:07:49,376 - pcp.toneslist - WARNING - LO frequency must be set when loading RF frequencies.
2020-08-19 15:07:49,377 - pcp.toneslist - INFO - bb_freqs = None
2020-08-19 15:07:49,382 - pcp.datalog_mp - WARNING - no dirfile set
2020-08-19 15:07:49,416 - pcp.toneslist - WARNING -  some bb_freqs don't appear to fit into the bandwidth. The following have been clipped from bb_freqs:
[-2.62739104e+08  2.49307101e+08  2.50820252e+08  2.52229393e+08
  2.53662537e+08  2.56788849e+08  2.60008171e+08  2.69032074e+08
  2.75933764e+08  2.78528023e+08  2.81268297e+08  2.86161787e+08
  2.97824953e+08  3.18156986e+08  3.27009871e+08  3.60784249e+08
  3.78087979e+08  2.80612232e+08]
2020-08-19 15:07:49,417 - pcp.toneslist - INFO - Successfully loaded toneslist file /home/muscat/multitone2020-08-13/roach2pcp/data/tonelists/MUSCAT_A.txt
2020-08-19 15:07:49,430 - pcp.sweep - WARNING - No sweep dirfile loaded. Use load_sweep_dirfile(dirfile) to load data
2020-08-19 15:07:49,534 - pcp.mux_channel - INFO - initialising mux channel - hope 
2020-08-19 15:07:49,535 - pcp.lib.lib_fpga - ERROR - Error connecting to '192.168.40.99'. Is it switched on? Check network settings!
Traceback (most recent call last):
  File "pcp/lib/lib_fpga.py", line 96, in get_fpga_instance
    return _casperfpga.katcp_fpga.KatcpFpga( ipaddress, timeout = 10. )
AttributeError: 'module' object has no attribute 'katcp_fpga'
2020-08-19 15:07:49,535 - pcp.lib.lib_fpga - WARNING -  No fpga instance present. If running a dummy, this is expected. Otherwise, something has gone wrong. 
2020-08-19 15:07:49,545 - pcp.toneslist - WARNING - LO frequency must be set when loading RF frequencies.
2020-08-19 15:07:49,545 - pcp.toneslist - INFO - bb_freqs = None
2020-08-19 15:07:49,545 - pcp.datalog_mp - INFO - current process daemon False
2020-08-19 15:07:49,549 - pcp.datalog_mp - WARNING - no dirfile set
2020-08-19 15:07:49,587 - pcp.toneslist - WARNING -  some bb_freqs don't appear to fit into the bandwidth. The following have been clipped from bb_freqs:
[-2.62739104e+08  2.49307101e+08  2.50820252e+08  2.52229393e+08
  2.53662537e+08  2.56788849e+08  2.60008171e+08  2.69032074e+08
  2.75933764e+08  2.78528023e+08  2.81268297e+08  2.86161787e+08
  2.97824953e+08  3.18156986e+08  3.27009871e+08  3.60784249e+08
  3.78087979e+08  2.80612232e+08]
2020-08-19 15:07:49,587 - pcp.toneslist - INFO - Successfully loaded toneslist file /home/muscat/multitone2020-08-13/roach2pcp/data/tonelists/MUSCAT_A.txt
2020-08-19 15:07:49,600 - pcp.sweep - WARNING - No sweep dirfile loaded. Use load_sweep_dirfile(dirfile) to load data
2020-08-19 15:07:49,657 - pcp.mux_channel - INFO - initialising mux channel - empire 
2020-08-19 15:07:49,658 - pcp.lib.lib_fpga - ERROR - Error connecting to '192.168.40.50'. Is it switched on? Check network settings!
Traceback (most recent call last):
  File "pcp/lib/lib_fpga.py", line 96, in get_fpga_instance
    return _casperfpga.katcp_fpga.KatcpFpga( ipaddress, timeout = 10. )
AttributeError: 'module' object has no attribute 'katcp_fpga'
2020-08-19 15:07:49,659 - pcp.lib.lib_fpga - WARNING -  No fpga instance present. If running a dummy, this is expected. Otherwise, something has gone wrong. 
2020-08-19 15:07:49,669 - pcp.toneslist - WARNING - LO frequency must be set when loading RF frequencies.
2020-08-19 15:07:49,669 - pcp.datalog_mp - INFO - current process daemon False
2020-08-19 15:07:49,669 - pcp.toneslist - INFO - bb_freqs = None
2020-08-19 15:07:49,673 - pcp.datalog_mp - WARNING - no dirfile set
2020-08-19 15:07:49,707 - pcp.toneslist - WARNING -  some bb_freqs don't appear to fit into the bandwidth. The following have been clipped from bb_freqs:
[-2.62739104e+08  2.49307101e+08  2.50820252e+08  2.52229393e+08
  2.53662537e+08  2.56788849e+08  2.60008171e+08  2.69032074e+08
  2.75933764e+08  2.78528023e+08  2.81268297e+08  2.86161787e+08
  2.97824953e+08  3.18156986e+08  3.27009871e+08  3.60784249e+08
  3.78087979e+08  2.80612232e+08]
2020-08-19 15:07:49,707 - pcp.toneslist - INFO - Successfully loaded toneslist file /home/muscat/multitone2020-08-13/roach2pcp/data/tonelists/MUSCAT_A.txt
2020-08-19 15:07:49,720 - pcp.sweep - WARNING - No sweep dirfile loaded. Use load_sweep_dirfile(dirfile) to load data
2020-08-19 15:07:49,779 - pcp.mux_channel - INFO - initialising mux channel - jedi 
2020-08-19 15:07:49,779 - pcp.lib.lib_fpga - ERROR - Error connecting to '192.168.40.76'. Is it switched on? Check network settings!
Traceback (most recent call last):
  File "pcp/lib/lib_fpga.py", line 96, in get_fpga_instance
    return _casperfpga.katcp_fpga.KatcpFpga( ipaddress, timeout = 10. )
AttributeError: 'module' object has no attribute 'katcp_fpga'
2020-08-19 15:07:49,780 - pcp.lib.lib_fpga - WARNING -  No fpga instance present. If running a dummy, this is expected. Otherwise, something has gone wrong. 
2020-08-19 15:07:49,795 - pcp.datalog_mp - WARNING - no dirfile set
2020-08-19 15:07:49,796 - pcp.datalog_mp - INFO - current process daemon False
2020-08-19 15:07:49,790 - pcp.toneslist - WARNING - LO frequency must be set when loading RF frequencies.
2020-08-19 15:07:49,791 - pcp.toneslist - INFO - bb_freqs = None
2020-08-19 15:07:49,828 - pcp.toneslist - WARNING -  some bb_freqs don't appear to fit into the bandwidth. The following have been clipped from bb_freqs:
[-2.62739104e+08  2.49307101e+08  2.50820252e+08  2.52229393e+08
  2.53662537e+08  2.56788849e+08  2.60008171e+08  2.69032074e+08
  2.75933764e+08  2.78528023e+08  2.81268297e+08  2.86161787e+08
  2.97824953e+08  3.18156986e+08  3.27009871e+08  3.60784249e+08
  3.78087979e+08  2.80612232e+08]
2020-08-19 15:07:49,829 - pcp.toneslist - INFO - Successfully loaded toneslist file /home/muscat/multitone2020-08-13/roach2pcp/data/tonelists/MUSCAT_A.txt
2020-08-19 15:07:49,842 - pcp.sweep - WARNING - No sweep dirfile loaded. Use load_sweep_dirfile(dirfile) to load data
