    9 root            INFO     Jackdaws love my big sphinx of quartz.
   12 myapp.area1     DEBUG    Quick zephyrs blow, vexing daft Jim.
   12 myapp.area1     INFO     How quickly daft jumping zebras vex.
   12 myapp.area2     WARNING  Jail zesty vixen who grabbed pay from quack.
   13 myapp.area2     ERROR    The five boxing wizards jump quickly.
   10 root            INFO     Jackdaws love my big sphinx of quartz.
   11 myapp.area1     DEBUG    Quick zephyrs blow, vexing daft Jim.
   11 myapp.area1     INFO     How quickly daft jumping zebras vex.
   11 myapp.area2     WARNING  Jail zesty vixen who grabbed pay from quack.
   11 myapp.area2     ERROR    The five boxing wizards jump quickly.
2292930 root            INFO     Jackdaws love my big sphinx of quartz.
2304994 root            INFO     Jackdaws love my big sphinx of quartz.
2317730 myapp.area1     INFO     Jackdaws love my big sphinx of quartz.
    9 root            INFO     Jackdaws love my big sphinx of quartz.
   11 myapp.area1     DEBUG    Quick zephyrs blow, vexing daft Jim.
   11 myapp.area1     INFO     How quickly daft jumping zebras vex.
   11 myapp.area2     WARNING  Jail zesty vixen who grabbed pay from quack.
   11 myapp.area2     ERROR    The five boxing wizards jump quickly.
    9 root            INFO     Jackdaws love my big sphinx of quartz.
   11 myapp.area1     DEBUG    Quick zephyrs blow, vexing daft Jim.
   11 myapp.area1     INFO     How quickly daft jumping zebras vex.
   11 myapp.area2     WARNING  Jail zesty vixen who grabbed pay from quack.
   11 myapp.area2     ERROR    The five boxing wizards jump quickly.
    9 root            INFO     Jackdaws love my big sphinx of quartz.
   11 myapp.area1     DEBUG    Quick zephyrs blow, vexing daft Jim.
   11 myapp.area1     INFO     How quickly daft jumping zebras vex.
   11 myapp.area2     WARNING  Jail zesty vixen who grabbed pay from quack.
   11 myapp.area2     ERROR    The five boxing wizards jump quickly.
    9 root            INFO     Jackdaws love my big sphinx of quartz.
   10 myapp.area1     DEBUG    Quick zephyrs blow, vexing daft Jim.
   10 myapp.area1     INFO     How quickly daft jumping zebras vex.
   11 myapp.area2     WARNING  Jail zesty vixen who grabbed pay from quack.
   11 myapp.area2     ERROR    The five boxing wizards jump quickly.
    9 root            INFO     Jackdaws love my big sphinx of quartz.
   11 myapp.area1     DEBUG    Quick zephyrs blow, vexing daft Jim.
   11 myapp.area1     INFO     How quickly daft jumping zebras vex.
   11 myapp.area2     WARNING  Jail zesty vixen who grabbed pay from quack.
   11 myapp.area2     ERROR    The five boxing wizards jump quickly.
    9 root            INFO     Jackdaws love my big sphinx of quartz.
   11 myapp.area1     DEBUG    Quick zephyrs blow, vexing daft Jim.
   11 myapp.area1     INFO     How quickly daft jumping zebras vex.
   11 myapp.area2     WARNING  Jail zesty vixen who grabbed pay from quack.
   11 myapp.area2     ERROR    The five boxing wizards jump quickly.
   10 root            INFO     Jackdaws love my big sphinx of quartz.
   11 myapp.area1     DEBUG    Quick zephyrs blow, vexing daft Jim.
   11 myapp.area1     INFO     How quickly daft jumping zebras vex.
   11 myapp.area2     WARNING  Jail zesty vixen who grabbed pay from quack.
   11 myapp.area2     ERROR    The five boxing wizards jump quickly.
   11 root            INFO     Jackdaws love my big sphinx of quartz.
   13 myapp.area1     DEBUG    Quick zephyrs blow, vexing daft Jim.
   13 myapp.area1     INFO     How quickly daft jumping zebras vex.
   13 myapp.area2     WARNING  Jail zesty vixen who grabbed pay from quack.
   13 myapp.area2     ERROR    The five boxing wizards jump quickly.
   10 root            INFO     Jackdaws love my big sphinx of quartz.
   12 myapp.area1     DEBUG    Quick zephyrs blow, vexing daft Jim.
   12 myapp.area1     INFO     How quickly daft jumping zebras vex.
   12 myapp.area2     WARNING  Jail zesty vixen who grabbed pay from quack.
   12 myapp.area2     ERROR    The five boxing wizards jump quickly.
   10 root            INFO     Jackdaws love my big sphinx of quartz.
   11 myapp.area1     DEBUG    Quick zephyrs blow, vexing daft Jim.
   12 myapp.area1     INFO     How quickly daft jumping zebras vex.
   12 myapp.area2     WARNING  Jail zesty vixen who grabbed pay from quack.
   12 myapp.area2     ERROR    The five boxing wizards jump quickly.
   10 root            INFO     Jackdaws love my big sphinx of quartz.
   12 myapp.area1     DEBUG    Quick zephyrs blow, vexing daft Jim.
   12 myapp.area1     INFO     How quickly daft jumping zebras vex.
   12 myapp.area2     WARNING  Jail zesty vixen who grabbed pay from quack.
   12 myapp.area2     ERROR    The five boxing wizards jump quickly.
    9 root            INFO     Jackdaws love my big sphinx of quartz.
   11 myapp.area1     DEBUG    Quick zephyrs blow, vexing daft Jim.
   11 myapp.area1     INFO     How quickly daft jumping zebras vex.
   11 myapp.area2     WARNING  Jail zesty vixen who grabbed pay from quack.
   12 myapp.area2     ERROR    The five boxing wizards jump quickly.
   98 roachreadout.logdaemon DEBUG    starting loggingDaemon
   84 roachreadout.logdaemon DEBUG    starting loggingDaemon
   85 roachreadout.logdaemon DEBUG    instantiated loggingDaemon succesfully
   82 roachreadout.logdaemon INFO     starting loggingDaemon
   83 roachreadout.logdaemon DEBUG    instantiated loggingDaemon succesfully
   86 roachreadout.logdaemon INFO     starting loggingDaemon
   86 roachreadout.logdaemon DEBUG    instantiated loggingDaemon succesfully
   86 roachreadout.logdaemon DEBUG    Entered run
   86 roachreadout.logdaemon DEBUG    starting context
   84 roachreadout.logdaemon INFO     starting loggingDaemon
   84 roachreadout.logdaemon DEBUG    instantiated loggingDaemon succesfully
   85 roachreadout.logdaemon DEBUG    Entered run
   85 roachreadout.logdaemon DEBUG    starting context
   95 roachreadout.logdaemon INFO     starting loggingDaemon
   96 roachreadout.logdaemon DEBUG    instantiated loggingDaemon succesfully
   96 roachreadout.logdaemon DEBUG    Entered run
   96 roachreadout.logdaemon DEBUG    starting context
   85 roachreadout.logdaemon INFO     starting loggingDaemon
   85 roachreadout.logdaemon DEBUG    instantiated loggingDaemon succesfully
   85 roachreadout.logdaemon DEBUG    Entered run
   86 roachreadout.logdaemon DEBUG    starting context
   85 roachreadout.logdaemon INFO     starting loggingDaemon
   85 roachreadout.logdaemon DEBUG    instantiated loggingDaemon succesfully
   85 roachreadout.logdaemon DEBUG    Entered run
   86 roachreadout.logdaemon DEBUG    starting context
   83 roachreadout.logdaemon INFO     starting loggingDaemon
   83 roachreadout.logdaemon DEBUG    instantiated loggingDaemon succesfully
   83 roachreadout.logdaemon DEBUG    Entered run
   84 roachreadout.logdaemon DEBUG    starting context
   81 roachreadout.logdaemon INFO     starting loggingDaemon
   82 roachreadout.logdaemon DEBUG    instantiated loggingDaemon succesfully
   82 roachreadout.logdaemon DEBUG    Entered run
   82 roachreadout.logdaemon DEBUG    starting context
  102 roachreadout.logdaemon INFO     starting loggingDaemon
  104 roachreadout.logdaemon DEBUG    instantiated loggingDaemon succesfully
  105 roachreadout.logdaemon DEBUG    Entered run
   82 roachreadout.logdaemon INFO     starting loggingDaemon
   83 roachreadout.logdaemon DEBUG    instantiated loggingDaemon succesfully
   83 roachreadout.logdaemon DEBUG    Entered run
   83 roachreadout.logdaemon DEBUG    starting context
   98 roachreadout.logdaemon INFO     Running with PID 65526
   98 roachreadout.logdaemon DEBUG    cwd = /Users/PeteBarry/Documents/AnalysisCode/multitone
   99 roachreadout.logdaemon DEBUG    About to start TCP server...
    9 root            INFO     Jackdaws love my big sphinx of quartz.
   11 myapp.area1     DEBUG    Quick zephyrs blow, vexing daft Jim.
   11 myapp.area1     INFO     How quickly daft jumping zebras vex.
   11 myapp.area2     WARNING  Jail zesty vixen who grabbed pay from quack.
   11 myapp.area2     ERROR    The five boxing wizards jump quickly.
    9 root            INFO     Jackdaws love my big sphinx of quartz.
   11 myapp.area1     DEBUG    Quick zephyrs blow, vexing daft Jim.
   11 myapp.area1     INFO     How quickly daft jumping zebras vex.
   11 myapp.area2     WARNING  Jail zesty vixen who grabbed pay from quack.
   11 myapp.area2     ERROR    The five boxing wizards jump quickly.
   12 root            INFO     Jackdaws love my big sphinx of quartz.
   14 myapp.area1     DEBUG    Quick zephyrs blow, vexing daft Jim.
   14 myapp.area1     INFO     How quickly daft jumping zebras vex.
   14 myapp.area2     WARNING  Jail zesty vixen who grabbed pay from quack.
   14 myapp.area2     ERROR    The five boxing wizards jump quickly.
  113 roachreadout.logdaemon INFO     starting loggingDaemon
  115 roachreadout.logdaemon DEBUG    instantiated loggingDaemon succesfully
  115 roachreadout.logdaemon DEBUG    Entered run
  115 roachreadout.logdaemon DEBUG    starting context
  127 roachreadout.logdaemon INFO     Running with PID 66234
  128 roachreadout.logdaemon DEBUG    cwd = /Users/PeteBarry/Documents/AnalysisCode/multitone
  129 roachreadout.logdaemon DEBUG    About to start TCP server...
   10 root            INFO     Jackdaws love my big sphinx of quartz.
   12 myapp.area1     DEBUG    Quick zephyrs blow, vexing daft Jim.
   12 myapp.area1     INFO     How quickly daft jumping zebras vex.
   12 myapp.area2     WARNING  Jail zesty vixen who grabbed pay from quack.
   12 myapp.area2     ERROR    The five boxing wizards jump quickly.
   10 root            INFO     Jackdaws love my big sphinx of quartz.
   11 myapp.area1     DEBUG    Quick zephyrs blow, vexing daft Jim.
   11 myapp.area1     INFO     How quickly daft jumping zebras vex.
   11 myapp.area2     WARNING  Jail zesty vixen who grabbed pay from quack.
   11 myapp.area2     ERROR    The five boxing wizards jump quickly.
   10 root            INFO     Jackdaws love my big sphinx of quartz.
   11 myapp.area1     DEBUG    Quick zephyrs blow, vexing daft Jim.
   11 myapp.area1     INFO     How quickly daft jumping zebras vex.
   11 myapp.area2     WARNING  Jail zesty vixen who grabbed pay from quack.
   11 myapp.area2     ERROR    The five boxing wizards jump quickly.
    9 root            INFO     Jackdaws love my big sphinx of quartz.
   11 myapp.area1     DEBUG    Quick zephyrs blow, vexing daft Jim.
   11 myapp.area1     INFO     How quickly daft jumping zebras vex.
   11 myapp.area2     WARNING  Jail zesty vixen who grabbed pay from quack.
   11 myapp.area2     ERROR    The five boxing wizards jump quickly.
   10 root            INFO     Jackdaws love my big sphinx of quartz.
   11 myapp.area1     DEBUG    Quick zephyrs blow, vexing daft Jim.
   11 myapp.area1     INFO     How quickly daft jumping zebras vex.
   11 myapp.area2     WARNING  Jail zesty vixen who grabbed pay from quack.
   11 myapp.area2     ERROR    The five boxing wizards jump quickly.
   10 root            INFO     Jackdaws love my big sphinx of quartz.
   11 myapp.area1     DEBUG    Quick zephyrs blow, vexing daft Jim.
   11 myapp.area1     INFO     How quickly daft jumping zebras vex.
   11 myapp.area2     WARNING  Jail zesty vixen who grabbed pay from quack.
   12 myapp.area2     ERROR    The five boxing wizards jump quickly.
   10 root            INFO     Jackdaws love my big sphinx of quartz.
   11 myapp.area1     DEBUG    Quick zephyrs blow, vexing daft Jim.
   11 myapp.area1     INFO     How quickly daft jumping zebras vex.
   11 myapp.area2     WARNING  Jail zesty vixen who grabbed pay from quack.
   12 myapp.area2     ERROR    The five boxing wizards jump quickly.
   10 root            INFO     Jackdaws love my big sphinx of quartz.
   11 myapp.area1     DEBUG    Quick zephyrs blow, vexing daft Jim.
   12 myapp.area1     INFO     How quickly daft jumping zebras vex.
   12 myapp.area2     WARNING  Jail zesty vixen who grabbed pay from quack.
   12 myapp.area2     ERROR    The five boxing wizards jump quickly.
   10 root            INFO     Jackdaws love my big sphinx of quartz.
   11 myapp.area1     DEBUG    Quick zephyrs blow, vexing daft Jim.
   12 myapp.area1     INFO     How quickly daft jumping zebras vex.
   12 myapp.area2     WARNING  Jail zesty vixen who grabbed pay from quack.
   12 myapp.area2     ERROR    The five boxing wizards jump quickly.
   10 root            INFO     Jackdaws love my big sphinx of quartz.
   12 myapp.area1     DEBUG    Quick zephyrs blow, vexing daft Jim.
   12 myapp.area1     INFO     How quickly daft jumping zebras vex.
   12 myapp.area2     WARNING  Jail zesty vixen who grabbed pay from quack.
   12 myapp.area2     ERROR    The five boxing wizards jump quickly.
   10 root            INFO     Jackdaws love my big sphinx of quartz.
   11 myapp.area1     DEBUG    Quick zephyrs blow, vexing daft Jim.
   11 myapp.area1     INFO     How quickly daft jumping zebras vex.
   11 myapp.area2     WARNING  Jail zesty vixen who grabbed pay from quack.
   12 myapp.area2     ERROR    The five boxing wizards jump quickly.
   10 root            INFO     Jackdaws love my big sphinx of quartz.
   11 myapp.area1     DEBUG    Quick zephyrs blow, vexing daft Jim.
   11 myapp.area1     INFO     How quickly daft jumping zebras vex.
   11 myapp.area2     WARNING  Jail zesty vixen who grabbed pay from quack.
   12 myapp.area2     ERROR    The five boxing wizards jump quickly.
   10 root            INFO     Jackdaws love my big sphinx of quartz.
   12 myapp.area1     DEBUG    Quick zephyrs blow, vexing daft Jim.
   12 myapp.area1     INFO     How quickly daft jumping zebras vex.
   12 myapp.area2     WARNING  Jail zesty vixen who grabbed pay from quack.
   12 myapp.area2     ERROR    The five boxing wizards jump quickly.
   12 root            INFO     Jackdaws love my big sphinx of quartz.
   14 myapp.area1     DEBUG    Quick zephyrs blow, vexing daft Jim.
   14 myapp.area1     INFO     How quickly daft jumping zebras vex.
   14 myapp.area2     WARNING  Jail zesty vixen who grabbed pay from quack.
   15 myapp.area2     ERROR    The five boxing wizards jump quickly.
   10 root            INFO     Jackdaws love my big sphinx of quartz.
   11 myapp.area1     DEBUG    Quick zephyrs blow, vexing daft Jim.
   12 myapp.area1     INFO     How quickly daft jumping zebras vex.
   12 myapp.area2     WARNING  Jail zesty vixen who grabbed pay from quack.
   12 myapp.area2     ERROR    The five boxing wizards jump quickly.
   10 root            INFO     Jackdaws love my big sphinx of quartz.
   11 myapp.area1     DEBUG    Quick zephyrs blow, vexing daft Jim.
   11 myapp.area1     INFO     How quickly daft jumping zebras vex.
   12 myapp.area2     WARNING  Jail zesty vixen who grabbed pay from quack.
   12 myapp.area2     ERROR    The five boxing wizards jump quickly.
